2025-02-09 02:08:31,726 - INFO - Created download folder: documents
2025-02-09 02:08:31,726 - INFO - Starting scrape of https://www.fia.com/documents/championships/fia-formula-one-world-championship-14/season/season-2024-2043
2025-02-09 02:08:32,349 - INFO - Found 53 PDF links
2025-02-09 02:08:33,748 - INFO - Successfully downloaded: documents/2024 Abu Dhabi Grand Prix - Championship Points.pdf
2025-02-09 02:08:34,349 - INFO - Successfully downloaded: documents/2024 Abu Dhabi Grand Prix - Final Race Classification.pdf
2025-02-09 02:08:35,391 - INFO - Successfully downloaded: documents/2024 Abu Dhabi Grand Prix - Race Scrutineering.pdf
2025-02-09 02:08:36,245 - INFO - Successfully downloaded: documents/2024 Abu Dhabi Grand Prix - Decision - Car 20 - Alleged failure to follow Race Director's instructions (Practice start).pdf
2025-02-09 02:08:37,269 - INFO - Successfully downloaded: documents/2024 Abu Dhabi Grand Prix - Infringement - Race Deleted Lap Times.pdf
2025-02-09 02:08:38,204 - INFO - Successfully downloaded: documents/2024 Abu Dhabi Grand Prix - Infringement - Car 30 - Car released in an unsafe condition.pdf
2025-02-09 02:08:39,247 - INFO - Successfully downloaded: documents/2024 Abu Dhabi Grand Prix - Infringement - Car 18 - Leaving the track without a justifiable reason multiple times.pdf
2025-02-09 02:08:40,262 - INFO - Successfully downloaded: documents/2024 Abu Dhabi Grand Prix - Provisional Race Classification.pdf
2025-02-09 02:08:41,108 - INFO - Successfully downloaded: documents/2024 Abu Dhabi Grand Prix - Infringement - Car 77 - Causing a collision (2nd).pdf
2025-02-09 02:08:42,037 - INFO - Successfully downloaded: documents/2024 Abu Dhabi Grand Prix - Infringement - Car 24 - False Start.pdf
2025-02-09 02:08:42,988 - INFO - Successfully downloaded: documents/2024 Abu Dhabi Grand Prix - Infringement - Car 81 - Causing a collision.pdf
2025-02-09 02:08:43,931 - INFO - Successfully downloaded: documents/2024 Abu Dhabi Grand Prix - Infringement - Car 77 - Causing a collision.pdf
2025-02-09 02:08:44,875 - INFO - Successfully downloaded: documents/2024 Abu Dhabi Grand Prix - Infringement - Car 1 - Causing a collision.pdf
2025-02-09 02:08:45,871 - INFO - Successfully downloaded: documents/2024 Abu Dhabi Grand Prix - Final Starting Grid.pdf
2025-02-09 02:08:46,791 - INFO - Successfully downloaded: documents/2024 Abu Dhabi Grand Prix - Post-Race Procedure.pdf
2025-02-09 02:08:47,815 - INFO - Successfully downloaded: documents/2024 Abu Dhabi Grand Prix - Pre-Race Procedure.pdf
2025-02-09 02:08:48,762 - INFO - Successfully downloaded: documents/2024 Abu Dhabi Grand Prix - Provisional Starting Grid.pdf
2025-02-09 02:08:49,813 - INFO - Successfully downloaded: documents/2024 Abu Dhabi Grand Prix - Final Qualifying Classification.pdf
2025-02-09 02:08:50,736 - INFO - Successfully downloaded: documents/2024 Abu Dhabi Grand Prix - P3 and Qualifying Scrutineering.pdf
2025-02-09 02:08:51,760 - INFO - Successfully downloaded: documents/2024 Abu Dhabi Grand Prix - Infringement - Car 27 - Alleged failure to follow Race Director's instructions (Pit Exit Road).pdf
2025-02-09 02:08:52,757 - INFO - Successfully downloaded: documents/2024 Abu Dhabi Grand Prix - Decision - Qualifying SC2-SC1 Times.pdf
2025-02-09 02:08:53,676 - INFO - Successfully downloaded: documents/2024 Abu Dhabi Grand Prix - Infringement - Qualifying Deleted Lap Times.pdf
2025-02-09 02:08:54,799 - INFO - Successfully downloaded: documents/2024 Abu Dhabi Grand Prix - Provisional Qualifying Classification.pdf
2025-02-09 02:08:55,715 - INFO - Successfully downloaded: documents/2024 Abu Dhabi Grand Prix - Summons - Car 27 - Alleged failure to follow Race Director's instructions (Pit Exit Road).pdf
2025-02-09 02:08:56,826 - INFO - Successfully downloaded: documents/2024 Abu Dhabi Grand Prix - P3 Classification.pdf
2025-02-09 02:08:57,855 - INFO - Successfully downloaded: documents/2024 Abu Dhabi Grand Prix - Post-Qualifying Procedure.pdf
2025-02-09 02:08:58,871 - INFO - Successfully downloaded: documents/2024 Abu Dhabi Grand Prix - New PU elements for this Competition_0.pdf
2025-02-09 02:08:59,806 - INFO - Successfully downloaded: documents/2024 Abu Dhabi Grand Prix - Event Notes - Pirelli Preview V2.pdf
2025-02-09 02:09:00,828 - INFO - Successfully downloaded: documents/2024 Abu Dhabi Grand Prix - RNCs used outside allocation.pdf
2025-02-09 02:09:01,755 - INFO - Successfully downloaded: documents/2024 Abu Dhabi Grand Prix - P1 and P2 Scrutineering.pdf
2025-02-09 02:09:02,316 - INFO - Successfully downloaded: documents/2024 Abu Dhabi Grand Prix - Race Director Notes - SC2-SC1 Times.pdf
2025-02-09 02:09:03,337 - INFO - Successfully downloaded: documents/2024 Abu Dhabi Grand Prix - P2 Classification.pdf
2025-02-09 02:09:03,914 - INFO - Scraper stopped by user
